<?xml version="1.0" encoding="UTF-8"?>
<!-- Generated by org.testng.reporters.JUnitXMLReporter -->
<testsuite ignored="0" hostname="Mohammad" failures="0" tests="5" name="Default test" time="22.067" errors="0" timestamp="2023-01-04T15:46:40 EST">
  <testcase classname="craterTests.LoggingInTests" name="invalidLogin" time="1.446"/>
  <testcase classname="craterTests.LoggingInTests" name="invalidLogin" time="1.213"/>
  <testcase classname="craterTests.LoggingInTests" name="invalidLogin" time="0.366"/>
  <testcase classname="craterTests.LoggingInTests" name="invalidLogin" time="0.424"/>
  <testcase classname="craterTests.LoggingInTests" name="validLogin" time="2.806"/>
</testsuite> <!-- Default test -->
