<?xml version="1.0" encoding="UTF-8"?>
<!-- Generated by org.testng.reporters.JUnitXMLReporter -->
<testsuite ignored="0" hostname="Mohammad" failures="0" tests="9" name="UI-DB_Regression" time="208.545" errors="0" timestamp="2023-01-05T23:10:23 EST">
  <testcase classname="craterTests.LoggingInTests" name="invalidLogin" time="0.973"/>
  <testcase classname="craterTests.LoggingInTests" name="invalidLogin" time="1.261"/>
  <testcase classname="craterTests.LoggingInTests" name="invalidLogin" time="0.457"/>
  <testcase classname="craterTests.LoggingInTests" name="invalidLogin" time="0.415"/>
  <testcase classname="craterTests.LoggingInTests" name="validLogin" time="2.623"/>
  <testcase classname="craterTests.Create_UpdateItemTests" name="verifyUpdating" time="8.833"/>
  <testcase classname="craterTests.Create_UpdateItemTests" name="verifyCreating" time="5.567"/>
  <testcase classname="craterTests.UI_DBvalidation" name="validate" time="10.915"/>
  <testcase classname="craterTests.UI_DBvalidation" name="validate2" time="14.9"/>
</testsuite> <!-- UI-DB_Regression -->
