<?xml version="1.0" encoding="UTF-8"?>
<!-- Generated by org.testng.reporters.JUnitXMLReporter -->
<testsuite ignored="0" hostname="Mohammad" failures="0" tests="5" name="APITests" time="5.772" errors="0" timestamp="2023-01-02T01:04:34 EST">
  <testcase classname="petStoreApiTests.PetStoreApi" name="addPet" time="3.632"/>
  <testcase classname="petStoreApiTests.PetStoreApi" name="getPetByStatus" time="0.191"/>
  <testcase classname="petStoreApiTests.PetStoreApi" name="invalidIdUpdatePet" time="0.237"/>
  <testcase classname="petStoreApiTests.PetStoreApi" name="updatePet" time="0.197"/>
  <testcase classname="petStoreApiTests.PetStoreApi" name="getPetByID" time="0.296"/>
</testsuite> <!-- APITests -->
